<?xml version="1.0" encoding="UTF-8"?>
<!-- Generated by org.testng.reporters.JUnitReportReporter -->
<testsuite hostname="Harikrishna" failures="0" tests="2" name="exetendreports.ExetendReports" time="8.587" errors="0" timestamp="2024-10-10T11:43:09 IST" skipped="0">
  <testcase classname="exetendreports.ExetendReports" name="FailTest" time="4.800"/>
  <testcase classname="exetendreports.ExetendReports" name="passTest" time="3.787"/>
</testsuite> <!-- exetendreports.ExetendReports -->
