<?xml version="1.0" encoding="UTF-8"?>
<!-- Generated by org.testng.reporters.JUnitReportReporter -->
<testsuite hostname="Harikrishna" failures="0" tests="2" name="practicetestNgConcepts.Demo1" time="0.011" errors="0" timestamp="2024-10-21T11:19:58 IST" skipped="0">
  <testcase classname="practicetestNgConcepts.Demo1" name="LoginAPICarLoan" time="0.009"/>
  <testcase classname="practicetestNgConcepts.Demo1" name="WebLoginCarLoan" time="0.002"/>
</testsuite> <!-- practicetestNgConcepts.Demo1 -->
