<?xml version="1.0" encoding="UTF-8"?>
<!-- Generated by org.testng.reporters.JUnitReportReporter -->
<testsuite hostname="Harikrishna" failures="0" tests="10" name="crossbrowser.CrossBrowser" time="54.595" errors="0" timestamp="2024-10-10T11:56:34 IST" skipped="0">
  <testcase classname="crossbrowser.CrossBrowser" name="veriy_Login" time="4.997">
    <system-out>
      <![CDATA[Invalid credentials   dashboard     http://orangehrm.qedgetech.com/symfony/web/index.php/auth/validateCredentials]]>
    </system-out>
  </testcase> <!-- veriy_Login -->
  <testcase classname="crossbrowser.CrossBrowser" name="veriy_Login" time="4.536">
    <system-out>
      <![CDATA[Username cannot be empty   dashboard     http://orangehrm.qedgetech.com/symfony/web/index.php/auth/login]]>
    </system-out>
  </testcase> <!-- veriy_Login -->
  <testcase classname="crossbrowser.CrossBrowser" name="veriy_Login" time="7.110">
    <system-out>
      <![CDATA[Valid username and password:::dashboard       http://orangehrm.qedgetech.com/symfony/web/index.php/dashboard]]>
    </system-out>
  </testcase> <!-- veriy_Login -->
  <testcase classname="crossbrowser.CrossBrowser" name="veriy_Login" time="5.241">
    <system-out>
      <![CDATA[Valid username and password:::dashboard       http://orangehrm.qedgetech.com/symfony/web/index.php/dashboard]]>
    </system-out>
  </testcase> <!-- veriy_Login -->
  <testcase classname="crossbrowser.CrossBrowser" name="veriy_Login" time="7.838">
    <system-out>
      <![CDATA[Valid username and password:::dashboard       http://orangehrm.qedgetech.com/symfony/web/index.php/dashboard]]>
    </system-out>
  </testcase> <!-- veriy_Login -->
  <testcase classname="crossbrowser.CrossBrowser" name="veriy_Login" time="5.480">
    <system-out>
      <![CDATA[Valid username and password:::dashboard       http://orangehrm.qedgetech.com/symfony/web/index.php/dashboard]]>
    </system-out>
  </testcase> <!-- veriy_Login -->
  <testcase classname="crossbrowser.CrossBrowser" name="veriy_Login" time="5.080">
    <system-out>
      <![CDATA[Username cannot be empty   dashboard     http://orangehrm.qedgetech.com/symfony/web/index.php/auth/login]]>
    </system-out>
  </testcase> <!-- veriy_Login -->
  <testcase classname="crossbrowser.CrossBrowser" name="veriy_Login" time="4.427">
    <system-out>
      <![CDATA[Password cannot be empty   dashboard     http://orangehrm.qedgetech.com/symfony/web/index.php/auth/login]]>
    </system-out>
  </testcase> <!-- veriy_Login -->
  <testcase classname="crossbrowser.CrossBrowser" name="veriy_Login" time="4.836">
    <system-out>
      <![CDATA[Invalid credentials   dashboard     http://orangehrm.qedgetech.com/symfony/web/index.php/auth/validateCredentials]]>
    </system-out>
  </testcase> <!-- veriy_Login -->
  <testcase classname="crossbrowser.CrossBrowser" name="veriy_Login" time="5.050">
    <system-out>
      <![CDATA[Password cannot be empty   dashboard     http://orangehrm.qedgetech.com/symfony/web/index.php/auth/login]]>
    </system-out>
  </testcase> <!-- veriy_Login -->
  <system-out>
    <![CDATA[Valid username and password:::dashboard       http://orangehrm.qedgetech.com/symfony/web/index.php/dashboard
Invalid credentials   dashboard     http://orangehrm.qedgetech.com/symfony/web/index.php/auth/validateCredentials
Password cannot be empty   dashboard     http://orangehrm.qedgetech.com/symfony/web/index.php/auth/login
Valid username and password:::dashboard       http://orangehrm.qedgetech.com/symfony/web/index.php/dashboard
Username cannot be empty   dashboard     http://orangehrm.qedgetech.com/symfony/web/index.php/auth/login
Valid username and password:::dashboard       http://orangehrm.qedgetech.com/symfony/web/index.php/dashboard
Invalid credentials   dashboard     http://orangehrm.qedgetech.com/symfony/web/index.php/auth/validateCredentials
Password cannot be empty   dashboard     http://orangehrm.qedgetech.com/symfony/web/index.php/auth/login
Valid username and password:::dashboard       http://orangehrm.qedgetech.com/symfony/web/index.php/dashboard
Username cannot be empty   dashboard     http://orangehrm.qedgetech.com/symfony/web/index.php/auth/login]]>
  </system-out>
</testsuite> <!-- crossbrowser.CrossBrowser -->
