<?xml version="1.0" encoding="UTF-8"?>
<!-- Generated by org.testng.reporters.JUnitReportReporter -->
<testsuite hostname="Harikrishna" failures="0" tests="2" name="exetendreports.ExetendReports" time="8.730" errors="0" timestamp="2024-11-13T17:59:00 IST" skipped="0">
  <testcase classname="exetendreports.ExetendReports" name="FailTest" time="5.211"/>
  <testcase classname="exetendreports.ExetendReports" name="passTest" time="3.519"/>
</testsuite> <!-- exetendreports.ExetendReports -->
