<?xml version="1.0" encoding="UTF-8"?>
<!-- Generated by org.testng.reporters.JUnitReportReporter -->
<testsuite hostname="Harikrishna" failures="0" tests="2" name="crossbrowser.Using_dataprovider$Using_Repository" time="26.684" errors="0" timestamp="2024-10-10T11:58:30 IST" skipped="0">
  <testcase classname="crossbrowser.Using_dataprovider$Using_Repository" name="branchCreation" time="15.319">
    <system-out>
      <![CDATA[New Branch with id 13 created Sucessfully]]>
    </system-out>
  </testcase> <!-- branchCreation -->
  <testcase classname="crossbrowser.Using_dataprovider$Using_Repository" name="roleCreation" time="11.365">
    <system-out>
      <![CDATA[New Role with id 12 Created Sucessfully]]>
    </system-out>
  </testcase> <!-- roleCreation -->
  <system-out>
    <![CDATA[New Branch with id 13 created Sucessfully
New Role with id 12 Created Sucessfully]]>
  </system-out>
</testsuite> <!-- crossbrowser.Using_dataprovider$Using_Repository -->
