<?xml version="1.0" encoding="UTF-8"?>
<!-- Generated by org.testng.reporters.JUnitReportReporter -->
<testsuite hostname="Harikrishna" failures="0" tests="4" name="TestNGPractise.ThirdTestNGClass" time="10.294" errors="0" timestamp="2024-11-05T14:12:53 IST" skipped="0">
  <testcase classname="TestNGPractise.ThirdTestNGClass" name="pim" time="2.517"/>
  <testcase classname="TestNGPractise.ThirdTestNGClass" name="time" time="2.533"/>
  <testcase classname="TestNGPractise.ThirdTestNGClass" name="leave" time="2.668"/>
  <testcase classname="TestNGPractise.ThirdTestNGClass" name="admin" time="2.576"/>
</testsuite> <!-- TestNGPractise.ThirdTestNGClass -->
