<?xml version="1.0" encoding="UTF-8"?>
<!-- Generated by org.testng.reporters.JUnitReportReporter -->
<testsuite hostname="Harikrishna" failures="0" tests="4" name="TestNGPractise.ThirdTestNGClass" time="11.500" errors="0" timestamp="2024-09-08T18:41:19 IST" skipped="0">
  <testcase classname="TestNGPractise.ThirdTestNGClass" name="admin" time="3.222"/>
  <testcase classname="TestNGPractise.ThirdTestNGClass" name="pim" time="2.688"/>
  <testcase classname="TestNGPractise.ThirdTestNGClass" name="time" time="2.753"/>
  <testcase classname="TestNGPractise.ThirdTestNGClass" name="leave" time="2.837"/>
</testsuite> <!-- TestNGPractise.ThirdTestNGClass -->
