<?xml version="1.0" encoding="UTF-8"?>
<!-- Generated by org.testng.reporters.JUnitReportReporter -->
<testsuite hostname="Harikrishna" failures="0" tests="3" name="TestNGPractise.SecondTestNg" time="44.103" errors="0" timestamp="2024-09-08T18:26:58 IST" skipped="0">
  <testcase classname="TestNGPractise.SecondTestNg" name="branches" time="14.017">
    <system-out>
      <![CDATA[Executing branches test]]>
    </system-out>
  </testcase> <!-- branches -->
  <testcase classname="TestNGPractise.SecondTestNg" name="users" time="14.642">
    <system-out>
      <![CDATA[Executing users test]]>
    </system-out>
  </testcase> <!-- users -->
  <testcase classname="TestNGPractise.SecondTestNg" name="roles" time="15.444">
    <system-out>
      <![CDATA[Executing roles test]]>
    </system-out>
  </testcase> <!-- roles -->
  <system-out>
    <![CDATA[Running in beforemethod
Executing branches test
Running in Aftermethod
Running in beforemethod
Executing roles test
Running in Aftermethod
Running in beforemethod
Executing users test
Running in Aftermethod]]>
  </system-out>
</testsuite> <!-- TestNGPractise.SecondTestNg -->
