<?xml version="1.0" encoding="UTF-8"?>
<!-- Generated by org.testng.reporters.JUnitReportReporter -->
<testsuite hostname="Harikrishna" failures="0" tests="3" name="TestNGPractise.FirstTestNg$FirstTestNGClass" time="10.615" errors="0" timestamp="2024-09-08T18:19:16 IST" skipped="0">
  <testcase classname="TestNGPractise.FirstTestNg$FirstTestNGClass" name="iBanking" time="3.395">
    <system-out>
      <![CDATA[Executing ibanking Test]]>
    </system-out>
  </testcase> <!-- iBanking -->
  <testcase classname="TestNGPractise.FirstTestNg$FirstTestNGClass" name="pBanking" time="3.658">
    <system-out>
      <![CDATA[Executing Pbanking Test]]>
    </system-out>
  </testcase> <!-- pBanking -->
  <testcase classname="TestNGPractise.FirstTestNg$FirstTestNGClass" name="cBanking" time="3.562">
    <system-out>
      <![CDATA[Executing cbanking Test]]>
    </system-out>
  </testcase> <!-- cBanking -->
  <system-out>
    <![CDATA[Running in befroeTest
Executing cbanking Test
Executing ibanking Test
Executing Pbanking Test
Running in aftertest]]>
  </system-out>
</testsuite> <!-- TestNGPractise.FirstTestNg$FirstTestNGClass -->
