<?xml version="1.0" encoding="UTF-8"?>
<!-- Generated by org.testng.reporters.JUnitReportReporter -->
<testsuite hostname="Harikrishna" failures="0" tests="1" name="TestNGPractise.SeleniumprdTesting" time="14.491" errors="0" timestamp="2024-09-20T12:48:04 IST" skipped="0">
  <testcase classname="TestNGPractise.SeleniumprdTesting" name="AlertHandlingTest" time="14.491"/>
</testsuite> <!-- TestNGPractise.SeleniumprdTesting -->
