<?xml version="1.0" encoding="UTF-8"?>
<!-- Generated by org.testng.reporters.JUnitReportReporter -->
<testsuite hostname="Harikrishna" failures="0" tests="1" name="practicetestNgConcepts.Personal_loan" time="0.011" errors="0" timestamp="2024-10-21T11:27:13 IST" skipped="0">
  <testcase classname="practicetestNgConcepts.Personal_loan" name="WebLoginPersonalLoan" time="0.011"/>
</testsuite> <!-- practicetestNgConcepts.Personal_loan -->
